# vsim -f ./scripts/vsim.file "+test=pat_loop" -wlf ./wlf/sim_pat_loop.wlf -l ./log/sim_pat_loop.log -do "do ./scripts/macrovsim.do pat_loop" work.top 
# Start time: 09:39:23 on Dec 18,2021
# ** Note: (vsim-3812) Design is being optimized...
# //  Questa Sim-64
# //  Version 2021.1 win64 Jan 19 2021
# //
# //  Copyright 1991-2021 Mentor Graphics Corporation
# //  All Rights Reserved.
# //
# //  QuestaSim and its associated documentation contain trade
# //  secrets and commercial or financial information that are the property of
# //  Mentor Graphics Corporation and are privileged, confidential,
# //  and exempt from disclosure under the Freedom of Information Act,
# //  5 U.S.C. Section 552. Furthermore, this information
# //  is prohibited from disclosure under the Trade Secrets Act,
# //  18 U.S.C. Section 1905.
# //
# Loading sv_std.std
# Loading work.top(fast)
# Loading work.chip(fast)
# Loading work.risc4b(fast)
# Loading work.alu(fast)
# Loading work.rom(fast)
# Loading work.sram_v2(fast)
# Loading work.eeprom(fast)
# ** Warning: (vsim-PLI-3691) Expected a system task, not a system function '$value$plusargs'.
#    Time: 0 ps  Iteration: 0  Instance: /top File: ./../tb/tb_top.v Line: 91
# do ./scripts/macrovsim.do pat_loop
# [0            ] INFO      : *********************************
# [0            ] INFO      : Starting pattern 
# [30000] reset=0
# [1030000      ] INFO      : reset=1
# [1052000] MOVI
# [1077000] MOVI
# [1102000] MOVI
# [1127000] JMPIC
# [1152000] MOVI
# [1177000] MOVI
# [1202000] MOVI
# [1227000] JMPIC
# [1252000] MOVI
# [1277000] MOVI
# [1302000] MOVI
# [1327000] JMPIC
# [1352000] MOVI
# [1377000] MOVI
# [1402000] MOVI
# [1427000] JMPIC
# [1452000] MOVI
# [1477000] MOVI
# [1502000] MOVI
# [1527000] JMPIC
# [1552000] MOVI
# [1577000] MOVI
# [1602000] MOVI
# [1627000] JMPIC
# [1652000] MOVI
# [1677000] MOVI
# [1702000] MOVI
# [1727000] JMPIC
# [1752000] MOVI
# [1777000] MOVI
# [1802000] MOVI
# [1827000] JMPIC
# [1852000] MOVI
# [1877000] MOVI
# [1902000] MOVI
# [1927000] JMPIC
# [1952000] MOVI
# [1977000] MOVI
# [2002000] MOVI
# [2027000] JMPIC
# [2052000] MOVI
# [2055000      ] INFO      : prog_addr found 0001
# [2077000] MOVI
# [2080000      ] INFO      : prog_addr found 0002
# [2102000] MOVI
# [2105000      ] INFO      : prog_addr found 0003
# [2127000] JMPIC
# [2130000      ] INFO      : prog_addr found 0000
# [2152000] MOVI
# [2177000] MOVI
# [2202000] MOVI
# [2227000] JMPIC
# [2252000] MOVI
# [2277000] MOVI
# [2302000] MOVI
# [2327000] JMPIC
# [2352000] MOVI
# [2377000] MOVI
# [2402000] MOVI
# [2427000] JMPIC
# [2452000] MOVI
# [2477000] MOVI
# [2502000] MOVI
# [2527000] JMPIC
# [2552000] MOVI
# [2577000] MOVI
# [2602000] MOVI
# [2627000] JMPIC
# [2652000] MOVI
# [2677000] MOVI
# [2702000] MOVI
# [2727000] JMPIC
# [2752000] MOVI
# [2777000] MOVI
# [2802000] MOVI
# [2827000] JMPIC
# [2852000] MOVI
# [2877000] MOVI
# [2902000] MOVI
# [2927000] JMPIC
# [2952000] MOVI
# [2977000] MOVI
# [3002000] MOVI
# [3027000] JMPIC
# [3052000] MOVI
# [3077000] MOVI
# [3102000] MOVI
# [3127000] JMPIC
# [3152000] MOVI
# [3177000] MOVI
# [3202000] MOVI
# [3227000] JMPIC
# [3252000] MOVI
# [3277000] MOVI
# [3302000] MOVI
# [3327000] JMPIC
# [3352000] MOVI
# [3377000] MOVI
# [3402000] MOVI
# [3427000] JMPIC
# [3452000] MOVI
# [3477000] MOVI
# [3502000] MOVI
# [3527000] JMPIC
# [3552000] MOVI
# [3577000] MOVI
# [3602000] MOVI
# [3627000] JMPIC
# [3652000] MOVI
# [3677000] MOVI
# [3702000] MOVI
# [3727000] JMPIC
# [3752000] MOVI
# [3777000] MOVI
# [3802000] MOVI
# [3827000] JMPIC
# [3852000] MOVI
# [3877000] MOVI
# [3902000] MOVI
# [3927000] JMPIC
# [3952000] MOVI
# [3977000] MOVI
# [4002000] MOVI
# [4027000] JMPIC
# [4052000] MOVI
# [4077000] MOVI
# [4102000] MOVI
# [4127000] JMPIC
# [4152000] MOVI
# [4177000] MOVI
# [4202000] MOVI
# [4227000] JMPIC
# [4252000] MOVI
# [4277000] MOVI
# [4302000] MOVI
# [4327000] JMPIC
# [4352000] MOVI
# [4377000] MOVI
# [4402000] MOVI
# [4427000] JMPIC
# [4452000] MOVI
# [4477000] MOVI
# [4502000] MOVI
# [4527000] JMPIC
# [4552000] MOVI
# [4577000] MOVI
# [4602000] MOVI
# [4627000] JMPIC
# [4652000] MOVI
# [4677000] MOVI
# [4702000] MOVI
# [4727000] JMPIC
# [4752000] MOVI
# [4777000] MOVI
# [4802000] MOVI
# [4827000] JMPIC
# [4852000] MOVI
# [4877000] MOVI
# [4902000] MOVI
# [4927000] JMPIC
# [4952000] MOVI
# [4977000] MOVI
# [5002000] MOVI
# [5027000] JMPIC
# [5052000] MOVI
# [5077000] MOVI
# [5102000] MOVI
# [5127000] JMPIC
# [5152000] MOVI
# [5177000] MOVI
# [5202000] MOVI
# [5227000] JMPIC
# [5252000] MOVI
# [5277000] MOVI
# [5302000] MOVI
# [5327000] JMPIC
# [5352000] MOVI
# [5377000] MOVI
# [5402000] MOVI
# [5427000] JMPIC
# [5452000] MOVI
# [5477000] MOVI
# [5502000] MOVI
# [5527000] JMPIC
# [5552000] MOVI
# [5577000] MOVI
# [5602000] MOVI
# [5627000] JMPIC
# [5652000] MOVI
# [5677000] MOVI
# [5702000] MOVI
# [5727000] JMPIC
# [5752000] MOVI
# [5777000] MOVI
# [5802000] MOVI
# [5827000] JMPIC
# [5852000] MOVI
# [5877000] MOVI
# [5902000] MOVI
# [5927000] JMPIC
# [5952000] MOVI
# [5977000] MOVI
# [6002000] MOVI
# [6027000] JMPIC
# [6052000] MOVI
# [6077000] MOVI
# [6102000] MOVI
# [6127000] JMPIC
# [6152000] MOVI
# [6177000] MOVI
# [6202000] MOVI
# [6227000] JMPIC
# [6252000] MOVI
# [6277000] MOVI
# [6302000] MOVI
# [6327000] JMPIC
# [6352000] MOVI
# [6377000] MOVI
# [6402000] MOVI
# [6427000] JMPIC
# [6452000] MOVI
# [6477000] MOVI
# [6502000] MOVI
# [6527000] JMPIC
# [6552000] MOVI
# [6577000] MOVI
# [6602000] MOVI
# [6627000] JMPIC
# [6652000] MOVI
# [6677000] MOVI
# [6702000] MOVI
# [6727000] JMPIC
# [6752000] MOVI
# [6777000] MOVI
# [6802000] MOVI
# [6827000] JMPIC
# [6852000] MOVI
# [6877000] MOVI
# [6902000] MOVI
# [6927000] JMPIC
# [6952000] MOVI
# [6977000] MOVI
# [7002000] MOVI
# [7027000] JMPIC
# [7052000] MOVI
# [7077000] MOVI
# [7102000] MOVI
# [7127000] JMPIC
# [7152000] MOVI
# [7177000] MOVI
# [7202000] MOVI
# [7227000] JMPIC
# [7252000] MOVI
# [7277000] MOVI
# [7302000] MOVI
# [7327000] JMPIC
# [7352000] MOVI
# [7377000] MOVI
# [7402000] MOVI
# [7427000] JMPIC
# [7452000] MOVI
# [7477000] MOVI
# [7502000] MOVI
# [7527000] JMPIC
# [7552000] MOVI
# [7577000] MOVI
# [7602000] MOVI
# [7627000] JMPIC
# [7652000] MOVI
# [7677000] MOVI
# [7702000] MOVI
# [7727000] JMPIC
# [7752000] MOVI
# [7777000] MOVI
# [7802000] MOVI
# [7827000] JMPIC
# [7852000] MOVI
# [7877000] MOVI
# [7902000] MOVI
# [7927000] JMPIC
# [7952000] MOVI
# [7977000] MOVI
# [8002000] MOVI
# [8027000] JMPIC
# [8052000] MOVI
# [8077000] MOVI
# [8102000] MOVI
# [8127000] JMPIC
# [8152000] MOVI
# [8177000] MOVI
# [8202000] MOVI
# [8227000] JMPIC
# [8252000] MOVI
# [8277000] MOVI
# [8302000] MOVI
# [8327000] JMPIC
# [8352000] MOVI
# [8377000] MOVI
# [8402000] MOVI
# [8427000] JMPIC
# [8452000] MOVI
# [8477000] MOVI
# [8502000] MOVI
# [8527000] JMPIC
# [8552000] MOVI
# [8577000] MOVI
# [8602000] MOVI
# [8627000] JMPIC
# [8652000] MOVI
# [8677000] MOVI
# [8702000] MOVI
# [8727000] JMPIC
# [8752000] MOVI
# [8777000] MOVI
# [8802000] MOVI
# [8827000] JMPIC
# [8852000] MOVI
# [8877000] MOVI
# [8902000] MOVI
# [8927000] JMPIC
# [8952000] MOVI
# [8977000] MOVI
# [9002000] MOVI
# [9027000] JMPIC
# [9052000] MOVI
# [9077000] MOVI
# [9102000] MOVI
# [9127000] JMPIC
# [9152000] MOVI
# [9177000] MOVI
# [9202000] MOVI
# [9227000] JMPIC
# [9252000] MOVI
# [9277000] MOVI
# [9302000] MOVI
# [9327000] JMPIC
# [9352000] MOVI
# [9377000] MOVI
# [9402000] MOVI
# [9427000] JMPIC
# [9452000] MOVI
# [9477000] MOVI
# [9502000] MOVI
# [9527000] JMPIC
# [9552000] MOVI
# [9577000] MOVI
# [9602000] MOVI
# [9627000] JMPIC
# [9652000] MOVI
# [9677000] MOVI
# [9702000] MOVI
# [9727000] JMPIC
# [9752000] MOVI
# [9777000] MOVI
# [9802000] MOVI
# [9827000] JMPIC
# [9852000] MOVI
# [9877000] MOVI
# [9902000] MOVI
# [9927000] JMPIC
# [9952000] MOVI
# [9977000] MOVI
# [10002000] MOVI
# [10027000] JMPIC
# [10052000] MOVI
# [10077000] MOVI
# [10102000] MOVI
# [10127000] JMPIC
# [10152000] MOVI
# [10177000] MOVI
# [10202000] MOVI
# [10227000] JMPIC
# [10252000] MOVI
# [10277000] MOVI
# [10302000] MOVI
# [10327000] JMPIC
# [10352000] MOVI
# [10377000] MOVI
# [10402000] MOVI
# [10427000] JMPIC
# [10452000] MOVI
# [10477000] MOVI
# [10502000] MOVI
# [10527000] JMPIC
# [10552000] MOVI
# [10577000] MOVI
# [10602000] MOVI
# [10627000] JMPIC
# [10652000] MOVI
# [10677000] MOVI
# [10702000] MOVI
# [10727000] JMPIC
# [10752000] MOVI
# [10777000] MOVI
# [10802000] MOVI
# [10827000] JMPIC
# [10852000] MOVI
# [10877000] MOVI
# [10902000] MOVI
# [10927000] JMPIC
# [10952000] MOVI
# [10977000] MOVI
# [11002000] MOVI
# [11027000] JMPIC
# [11052000] MOVI
# [11077000] MOVI
# [11102000] MOVI
# [11127000] JMPIC
# [11152000] MOVI
# [11177000] MOVI
# [11202000] MOVI
# [11227000] JMPIC
# [11252000] MOVI
# [11277000] MOVI
# [11302000] MOVI
# [11327000] JMPIC
# [11352000] MOVI
# [11377000] MOVI
# [11402000] MOVI
# [11427000] JMPIC
# [11452000] MOVI
# [11477000] MOVI
# [11502000] MOVI
# [11527000] JMPIC
# [11552000] MOVI
# [11577000] MOVI
# [11602000] MOVI
# [11627000] JMPIC
# [11652000] MOVI
# [11677000] MOVI
# [11702000] MOVI
# [11727000] JMPIC
# [11752000] MOVI
# [11777000] MOVI
# [11802000] MOVI
# [11827000] JMPIC
# [11852000] MOVI
# [11877000] MOVI
# [11902000] MOVI
# [11927000] JMPIC
# [11952000] MOVI
# [11977000] MOVI
# [12002000] MOVI
# [12027000] JMPIC
# [12052000] MOVI
# [12077000] MOVI
# [12102000] MOVI
# [12127000] JMPIC
# [12152000] MOVI
# [12177000] MOVI
# [12202000] MOVI
# [12227000] JMPIC
# [12252000] MOVI
# [12277000] MOVI
# [12302000] MOVI
# [12327000] JMPIC
# [12352000] MOVI
# [12377000] MOVI
# [12402000] MOVI
# [12427000] JMPIC
# [12452000] MOVI
# [12477000] MOVI
# [12502000] MOVI
# [12527000] JMPIC
# [12552000] MOVI
# [12577000] MOVI
# [12602000] MOVI
# [12627000] JMPIC
# [12652000] MOVI
# [12677000] MOVI
# [12702000] MOVI
# [12727000] JMPIC
# [12752000] MOVI
# [12777000] MOVI
# [12802000] MOVI
# [12827000] JMPIC
# [12852000] MOVI
# [12877000] MOVI
# [12902000] MOVI
# [12927000] JMPIC
# [12952000] MOVI
# [12977000] MOVI
# [13002000] MOVI
# [13027000] JMPIC
# [13052000] MOVI
# [13077000] MOVI
# [13102000] MOVI
# [13127000] JMPIC
# [13152000] MOVI
# [13177000] MOVI
# [13202000] MOVI
# [13227000] JMPIC
# [13252000] MOVI
# [13277000] MOVI
# [13302000] MOVI
# [13327000] JMPIC
# [13352000] MOVI
# [13377000] MOVI
# [13402000] MOVI
# [13427000] JMPIC
# [13452000] MOVI
# [13477000] MOVI
# [13502000] MOVI
# [13527000] JMPIC
# [13552000] MOVI
# [13577000] MOVI
# [13602000] MOVI
# [13627000] JMPIC
# [13652000] MOVI
# [13677000] MOVI
# [13702000] MOVI
# [13727000] JMPIC
# [13752000] MOVI
# [13777000] MOVI
# [13802000] MOVI
# [13827000] JMPIC
# [13852000] MOVI
# [13877000] MOVI
# [13902000] MOVI
# [13927000] JMPIC
# [13952000] MOVI
# [13977000] MOVI
# [14002000] MOVI
# [14027000] JMPIC
# [14052000] MOVI
# [14077000] MOVI
# [14102000] MOVI
# [14127000] JMPIC
# [14152000] MOVI
# [14177000] MOVI
# [14202000] MOVI
# [14227000] JMPIC
# [14252000] MOVI
# [14277000] MOVI
# [14302000] MOVI
# [14327000] JMPIC
# [14352000] MOVI
# [14377000] MOVI
# [14402000] MOVI
# [14427000] JMPIC
# [14452000] MOVI
# [14477000] MOVI
# [14502000] MOVI
# [14527000] JMPIC
# [14552000] MOVI
# [14577000] MOVI
# [14602000] MOVI
# [14627000] JMPIC
# [14630000     ] INFO      : End
# **************************************************
# ************ SIMULATION ENDED ********************
# ** Note: $stop    : ./../tb/tb_top.v(122)
#    Time: 14630 ns  Iteration: 0  Instance: /top
# Break in Module top at ./../tb/tb_top.v line 122
# Stopped at ./../tb/tb_top.v line 122
# End time: 09:40:13 on Dec 18,2021, Elapsed time: 0:00:50
# Errors: 0, Warnings: 1
