# vsim -f ./scripts/vsim.file "+test=pat_meadarm" -wlf ./wlf/sim_pat_meadarm.wlf -l ./log/sim_pat_meadarm.log -do "do ./scripts/macrovsim.do pat_meadarm" work.top 
# Start time: 09:41:00 on Dec 18,2021
# ** Note: (vsim-3812) Design is being optimized...
# //  Questa Sim-64
# //  Version 2021.1 win64 Jan 19 2021
# //
# //  Copyright 1991-2021 Mentor Graphics Corporation
# //  All Rights Reserved.
# //
# //  QuestaSim and its associated documentation contain trade
# //  secrets and commercial or financial information that are the property of
# //  Mentor Graphics Corporation and are privileged, confidential,
# //  and exempt from disclosure under the Freedom of Information Act,
# //  5 U.S.C. Section 552. Furthermore, this information
# //  is prohibited from disclosure under the Trade Secrets Act,
# //  18 U.S.C. Section 1905.
# //
# Loading sv_std.std
# Loading work.top(fast)
# Loading work.chip(fast)
# Loading work.risc4b(fast)
# Loading work.alu(fast)
# Loading work.rom(fast)
# Loading work.sram_v2(fast)
# Loading work.eeprom(fast)
# ** Warning: (vsim-PLI-3691) Expected a system task, not a system function '$value$plusargs'.
#    Time: 0 ps  Iteration: 0  Instance: /top File: ./../tb/tb_top.v Line: 91
# do ./scripts/macrovsim.do pat_meadarm
# [0            ] INFO      : *********************************
# [0            ] INFO      : Starting pattern 
# [30000] reset=0
# [1030000      ] INFO      : reset=1
# [1052000] MOVI
# [1077000] MOVI
# [1102000] MOVI
# [1127000] JMPIC
# [1152000] MOVI
# [1177000] MOVI
# [1202000] MOVI
# [1227000] CALLI
# [1302000] MOVW
# [1377000] MOVW
# [1402000] STO
# [1452000] MOVW
# [1477000] STO
# [1527000] MOVW
# [1552000] STO
# [1602000] MOVW
# [1627000] MOVI
# [1652000] MOVI
# [1677000] MOVI
# [1702000] STO
# [1727000] MOVI
# [1752000] MOVI
# [1777000] MOVI
# [1802000] MOVI
# [1827000] LOAD
# [1902000] MOVI
# [1927000] MOVI
# [1952000] MOVI
# [1977000] JMPIC
# [2002000] MOVI
# [2027000] MOVI
# [2052000] MOVI
# [2077000] CALLI
# [2152000] MOVW
# [2227000] MOVW
# [2252000] STO
# [2302000] MOVW
# [2327000] STO
# [2377000] MOVW
# [2402000] STO
# [2452000] MOVW
# [2477000] MOVI
# [2502000] STO
# [2552000] MOVW
# [2602000] MOVW
# [2627000] MOVI
# [2652000] MOVI
# [2677000] MOVI
# [2702000] CALLI
# [2727000] MOVI
# [2752000] NOP
# [2777000] NOP
# [2802000] NOP
# [2827000] NOP
# [2852000] NOP
# [2877000] MOVI
# [2902000] CALLI
# [2952000] MOVW
# [3002000] MOVW
# [3127000] MOVW
# [3152000] MOVW
# [3177000] MOVI
# [3202000] MOVI
# [3227000] MOVI
# [3252000] CALLI
# [3277000] MOVI
# [3302000] NOP
# [3327000] NOP
# [3352000] NOP
# [3377000] NOP
# [3402000] NOP
# [3427000] MOVI
# [3452000] CALLI
# [3627000] MOVI
# [3652000] MOVI
# [3677000] LOAD
# [3702000] MOVW
# [3727000] MOVI
# [3752000] MOVI
# [3777000] STO
# [3827000] MOVW
# [3902000] MOVW
# [3977000] MOVW
# [4002000] LOAD
# [4052000] MOVW
# [4077000] LOAD
# [4127000] MOVW
# [4152000] LOAD
# [4177000] MOVI
# [4202000] MOVI
# [4227000] LOAD
# [4277000] CALLI
# [4302000] NOP
# [4327000] NOP
# [4352000] MOVI
# [4377000] MOVI
# [4402000] MOVI
# [4427000] MOVI
# [5252000] MOVW
# [6102000] MOVW
# [6952000] MOVW
# [7802000] MOVW
# [8652000] MOVW
# [9502000] MOVW
# [10352000] MOVW
# [11202000] MOVW
# [12052000] MOVW
# [12902000] MOVW
# [13752000] MOVW
# [14602000] MOVW
# [15452000] MOVW
# [16302000] MOVW
# [17152000] MOVW
# [17227000] MOVW
# [17277000] MOVI
# [18102000] MOVW
# [18952000] MOVW
# [19802000] MOVW
# [20652000] MOVW
# [21502000] MOVW
# [22352000] MOVW
# [23202000] MOVW
# [24052000] MOVW
# [24902000] MOVW
# [25752000] MOVW
# [26602000] MOVW
# [27452000] MOVW
# [28302000] MOVW
# [29152000] MOVW
# [30002000] MOVW
# [30077000] MOVW
# [30127000] MOVI
# [30952000] MOVW
# [31802000] MOVW
# [32652000] MOVW
# [33502000] MOVW
# [34352000] MOVW
# [35202000] MOVW
# [36052000] MOVW
# [36902000] MOVW
# [37752000] MOVW
# [38602000] MOVW
# [39452000] MOVW
# [40302000] MOVW
# [41152000] MOVW
# [42002000] MOVW
# [42852000] MOVW
# [42927000] MOVW
# [42977000] MOVI
# [43802000] MOVW
# [44652000] MOVW
# [45502000] MOVW
# [46352000] MOVW
# [47202000] MOVW
# [48052000] MOVW
# [48902000] MOVW
# [49752000] MOVW
# [50602000] MOVW
# [51452000] MOVW
# [52302000] MOVW
# [53152000] MOVW
# [54002000] MOVW
# [54852000] MOVW
# [55702000] MOVW
# [55777000] MOVW
# [55827000] MOVI
# [56652000] MOVW
# [57502000] MOVW
# [58352000] MOVW
# [59202000] MOVW
# [60052000] MOVW
# [60902000] MOVW
# [61752000] MOVW
# [62602000] MOVW
# [63452000] MOVW
# [64302000] MOVW
# [65152000] MOVW
# [66002000] MOVW
# [66852000] MOVW
# [67702000] MOVW
# [68552000] MOVW
# [68627000] MOVW
# [68677000] MOVI
# [69502000] MOVW
# [70352000] MOVW
# [71202000] MOVW
# [72052000] MOVW
# [72902000] MOVW
# [73752000] MOVW
# [74602000] MOVW
# [75452000] MOVW
# [76302000] MOVW
# [77152000] MOVW
# [78002000] MOVW
# [78852000] MOVW
# [79702000] MOVW
# [80552000] MOVW
# [81402000] MOVW
# [81477000] MOVW
# [81527000] MOVI
# [82352000] MOVW
# [83202000] MOVW
# [84052000] MOVW
# [84902000] MOVW
# [85752000] MOVW
# [86602000] MOVW
# [87452000] MOVW
# [88302000] MOVW
# [89152000] MOVW
# [90002000] MOVW
# [90852000] MOVW
# [91702000] MOVW
# [92552000] MOVW
# [93402000] MOVW
# [94252000] MOVW
# [94327000] MOVW
# [94377000] MOVI
# [95202000] MOVW
# [96052000] MOVW
# [96902000] MOVW
# [97752000] MOVW
# [98602000] MOVW
# [99452000] MOVW
# [100302000] MOVW
# [101152000] MOVW
# [102002000] MOVW
# [102852000] MOVW
# [103702000] MOVW
# [104552000] MOVW
# [105402000] MOVW
# [106252000] MOVW
# [107102000] MOVW
# [107177000] MOVW
# [107252000] MOVW
# [107302000] MOVI
# [107327000] MOVI
# [108152000] MOVW
# [109002000] MOVW
# [109852000] MOVW
# [110702000] MOVW
# [111552000] MOVW
# [112402000] MOVW
# [113252000] MOVW
# [114102000] MOVW
# [114952000] MOVW
# [115802000] MOVW
# [116652000] MOVW
# [117502000] MOVW
# [118352000] MOVW
# [119202000] MOVW
# [120052000] MOVW
# [120127000] MOVW
# [120177000] MOVI
# [121002000] MOVW
# [121852000] MOVW
# [122702000] MOVW
# [123552000] MOVW
# [124402000] MOVW
# [125252000] MOVW
# [126102000] MOVW
# [126952000] MOVW
# [127802000] MOVW
# [128652000] MOVW
# [129502000] MOVW
# [130352000] MOVW
# [131202000] MOVW
# [132052000] MOVW
# [132902000] MOVW
# [132977000] MOVW
# [133027000] MOVI
# [133852000] MOVW
# [134702000] MOVW
# [135552000] MOVW
# [136402000] MOVW
# [137252000] MOVW
# [138102000] MOVW
# [138952000] MOVW
# [139802000] MOVW
# [140652000] MOVW
# [141502000] MOVW
# [142352000] MOVW
# [143202000] MOVW
# [144052000] MOVW
# [144902000] MOVW
# [145752000] MOVW
# [145827000] MOVW
# [145877000] MOVI
# [146702000] MOVW
# [147552000] MOVW
# [148402000] MOVW
# [149252000] MOVW
# [150102000] MOVW
# [150952000] MOVW
# [151802000] MOVW
# [152652000] MOVW
# [153502000] MOVW
# [154352000] MOVW
# [155202000] MOVW
# [156052000] MOVW
# [156902000] MOVW
# [157752000] MOVW
# [158602000] MOVW
# [158677000] MOVW
# [158727000] MOVI
# [159552000] MOVW
# [160402000] MOVW
# [161252000] MOVW
# [162102000] MOVW
# [162952000] MOVW
# [163802000] MOVW
# [164652000] MOVW
# [165502000] MOVW
# [166352000] MOVW
# [167202000] MOVW
# [168052000] MOVW
# [168902000] MOVW
# [169752000] MOVW
# [170602000] MOVW
# [171452000] MOVW
# [171527000] MOVW
# [171577000] MOVI
# [172402000] MOVW
# [173252000] MOVW
# [174102000] MOVW
# [174952000] MOVW
# [175802000] MOVW
# [176652000] MOVW
# [177502000] MOVW
# [178352000] MOVW
# [179202000] MOVW
# [180052000] MOVW
# [180902000] MOVW
# [181752000] MOVW
# [182602000] MOVW
# [183452000] MOVW
# [184302000] MOVW
# [184377000] MOVW
# [184427000] MOVI
# [185252000] MOVW
# [186102000] MOVW
# [186952000] MOVW
# [187802000] MOVW
# [188652000] MOVW
# [189502000] MOVW
# [190352000] MOVW
# [191202000] MOVW
# [192052000] MOVW
# [192902000] MOVW
# [193752000] MOVW
# [194602000] MOVW
# [195452000] MOVW
# [196302000] MOVW
# [197152000] MOVW
# [197227000] MOVW
# [197277000] MOVI
# [198102000] MOVW
# [198952000] MOVW
# [199802000] MOVW
# [200652000] MOVW
# [201502000] MOVW
# [202352000] MOVW
# [203202000] MOVW
# [204052000] MOVW
# [204902000] MOVW
# [205752000] MOVW
# [206602000] MOVW
# [207452000] MOVW
# [208302000] MOVW
# [209152000] MOVW
# [210002000] MOVW
# [210077000] MOVW
# [210152000] MOVW
# [210202000] MOVI
# [210227000] MOVI
# [210252000] MOVI
# [211077000] MOVW
# [211927000] MOVW
# [212777000] MOVW
# [213627000] MOVW
# [214477000] MOVW
# [214552000] MOVW
# [214602000] MOVI
# [214627000] MOVI
# [214652000] MOVI
# [214677000] MOVI
# [215502000] MOVW
# [216352000] MOVW
# [217202000] MOVW
# [218052000] MOVW
# [218902000] MOVW
# [219752000] MOVW
# [220602000] MOVW
# [221452000] MOVW
# [222302000] MOVW
# [223152000] MOVW
# [224002000] MOVW
# [224852000] MOVW
# [225702000] MOVW
# [226552000] MOVW
# [227402000] MOVW
# [227477000] MOVW
# [227527000] MOVI
# [228352000] MOVW
# [229202000] MOVW
# [230052000] MOVW
# [230902000] MOVW
# [231752000] MOVW
# [232602000] MOVW
# [233452000] MOVW
# [234302000] MOVW
# [235152000] MOVW
# [236002000] MOVW
# [236852000] MOVW
# [237702000] MOVW
# [238552000] MOVW
# [239402000] MOVW
# [240252000] MOVW
# [240327000] MOVW
# [240377000] MOVI
# [241202000] MOVW
# [242052000] MOVW
# [242902000] MOVW
# [243752000] MOVW
# [244602000] MOVW
# [245452000] MOVW
# [246302000] MOVW
# [247152000] MOVW
# [248002000] MOVW
# [248852000] MOVW
# [249702000] MOVW
# [250552000] MOVW
# [251402000] MOVW
# [252252000] MOVW
# [253102000] MOVW
# [253177000] MOVW
# [253227000] MOVI
# [254052000] MOVW
# [254902000] MOVW
# [255752000] MOVW
# [256602000] MOVW
# [257452000] MOVW
# [258302000] MOVW
# [259152000] MOVW
# [260002000] MOVW
# [260852000] MOVW
# [261702000] MOVW
# [262552000] MOVW
# [263402000] MOVW
# [264252000] MOVW
# [265102000] MOVW
# [265952000] MOVW
# [266027000] MOVW
# [266077000] MOVI
# [266902000] MOVW
# [267752000] MOVW
# [268602000] MOVW
# [269452000] MOVW
# [270302000] MOVW
# [271152000] MOVW
# [272002000] MOVW
# [272852000] MOVW
# [273702000] MOVW
# [274552000] MOVW
# [275402000] MOVW
# [276252000] MOVW
# [277102000] MOVW
# [277952000] MOVW
# [278802000] MOVW
# [278877000] MOVW
# [278927000] MOVI
# [279752000] MOVW
# [280602000] MOVW
# [281452000] MOVW
# [282302000] MOVW
# [283152000] MOVW
# [284002000] MOVW
# [284852000] MOVW
# [285702000] MOVW
# [286552000] MOVW
# [287402000] MOVW
# [288252000] MOVW
# [289102000] MOVW
# [289952000] MOVW
# [290802000] MOVW
# [291652000] MOVW
# [291727000] MOVW
# [291777000] MOVI
# [292602000] MOVW
# [293452000] MOVW
# [294302000] MOVW
# [295152000] MOVW
# [296002000] MOVW
# [296852000] MOVW
# [297702000] MOVW
# [298552000] MOVW
# [299402000] MOVW
# [300252000] MOVW
# [301102000] MOVW
# [301952000] MOVW
# [302802000] MOVW
# [303652000] MOVW
# [304502000] MOVW
# [304577000] MOVW
# [304627000] MOVI
# [305452000] MOVW
# [306302000] MOVW
# [307152000] MOVW
# [308002000] MOVW
# [308852000] MOVW
# [309702000] MOVW
# [310552000] MOVW
# [311402000] MOVW
# [312252000] MOVW
# [313102000] MOVW
# [313952000] MOVW
# [314802000] MOVW
# [315652000] MOVW
# [316502000] MOVW
# [317352000] MOVW
# [317427000] MOVW
# [317502000] MOVW
# [317552000] MOVI
# [317577000] MOVI
# [318402000] MOVW
# [319252000] MOVW
# [320102000] MOVW
# [320952000] MOVW
# [321802000] MOVW
# [322652000] MOVW
# [323502000] MOVW
# [324352000] MOVW
# [325202000] MOVW
# [326052000] MOVW
# [326902000] MOVW
# [327752000] MOVW
# [328602000] MOVW
# [329452000] MOVW
# [330302000] MOVW
# [330377000] MOVW
# [330427000] MOVI
# [331252000] MOVW
# [332102000] MOVW
# [332952000] MOVW
# [333802000] MOVW
# [334652000] MOVW
# [335502000] MOVW
# [336352000] MOVW
# [337202000] MOVW
# [338052000] MOVW
# [338902000] MOVW
# [339752000] MOVW
# [340602000] MOVW
# [341452000] MOVW
# [342302000] MOVW
# [343152000] MOVW
# [343227000] MOVW
# [343277000] MOVI
# [344102000] MOVW
# [344952000] MOVW
# [345802000] MOVW
# [346652000] MOVW
# [347502000] MOVW
# [348352000] MOVW
# [349202000] MOVW
# [350052000] MOVW
# [350902000] MOVW
# [351752000] MOVW
# [352602000] MOVW
# [353452000] MOVW
# [354302000] MOVW
# [355152000] MOVW
# [356002000] MOVW
# [356077000] MOVW
# [356127000] MOVI
# [356952000] MOVW
# [357802000] MOVW
# [358652000] MOVW
# [359502000] MOVW
# [360352000] MOVW
# [361202000] MOVW
# [362052000] MOVW
# [362902000] MOVW
# [363752000] MOVW
# [364602000] MOVW
# [365452000] MOVW
# [366302000] MOVW
# [367152000] MOVW
# [368002000] MOVW
# [368852000] MOVW
# [368927000] MOVW
# [368977000] MOVI
# [369802000] MOVW
# [370652000] MOVW
# [371502000] MOVW
# [372352000] MOVW
# [373202000] MOVW
# [374052000] MOVW
# [374902000] MOVW
# [375752000] MOVW
# [376602000] MOVW
# [377452000] MOVW
# [378302000] MOVW
# [379152000] MOVW
# [380002000] MOVW
# [380852000] MOVW
# [381702000] MOVW
# [381777000] MOVW
# [381827000] MOVI
# [382652000] MOVW
# [383502000] MOVW
# [384352000] MOVW
# [385202000] MOVW
# [386052000] MOVW
# [386902000] MOVW
# [387752000] MOVW
# [388602000] MOVW
# [389452000] MOVW
# [390302000] MOVW
# [391152000] MOVW
# [392002000] MOVW
# [392852000] MOVW
# [393702000] MOVW
# [394552000] MOVW
# [394627000] MOVW
# [394677000] MOVI
# [395502000] MOVW
# [396352000] MOVW
# [397202000] MOVW
# [398052000] MOVW
# [398902000] MOVW
# [399752000] MOVW
# [400602000] MOVW
# [401452000] MOVW
# [402302000] MOVW
# [403152000] MOVW
# [404002000] MOVW
# [404852000] MOVW
# [405702000] MOVW
# [406552000] MOVW
# [407402000] MOVW
# [407477000] MOVW
# [407527000] MOVI
# [408352000] MOVW
# [409202000] MOVW
# [410052000] MOVW
# [410902000] MOVW
# [411752000] MOVW
# [412602000] MOVW
# [413452000] MOVW
# [414302000] MOVW
# [415152000] MOVW
# [416002000] MOVW
# [416852000] MOVW
# [417702000] MOVW
# [418552000] MOVW
# [419402000] MOVW
# [420252000] MOVW
# [420327000] MOVW
# [420402000] MOVW
# [420452000] MOVI
# [420477000] MOVI
# [420502000] MOVI
# [421327000] MOVW
# [422177000] MOVW
# [423027000] MOVW
# [423877000] MOVW
# [424727000] MOVW
# [424802000] MOVW
# [424852000] CALLI
# [424902000] MOVW
# [424977000] MOVW
# [425052000] MOVW
# [425077000] LOAD
# [425127000] MOVW
# [425152000] LOAD
# [425202000] MOVW
# [425227000] LOAD
# [425252000] CALLI
# [425277000] NOP
# [425302000] NOP
# [425377000] MOVW
# [425452000] MOVW
# [425477000] STO
# [425527000] MOVW
# [425552000] STO
# [425602000] MOVW
# [425627000] STO
# [425677000] MOVW
# [425702000] MOVI
# [425727000] MOVI
# [425752000] MOVI
# [425777000] STO
# [425802000] CALL
# [425827000] MOVI
# [425902000] MOVW
# [514530000    ] INFO      : End
# **************************************************
# ************ SIMULATION ENDED ********************
# ** Note: $stop    : ./../tb/tb_top.v(122)
#    Time: 514530 ns  Iteration: 0  Instance: /top
# Break in Module top at ./../tb/tb_top.v line 122
# Stopped at ./../tb/tb_top.v line 122
# End time: 09:41:54 on Dec 18,2021, Elapsed time: 0:00:54
# Errors: 0, Warnings: 1
